{"/Users/natalia/developer/learning/JavaScript Testing/javascript-assertivo/02-aplicando-testes-unitarios-em-uma-cli/src/constants/roles.js": {"path":"/Users/natalia/developer/learning/JavaScript Testing/javascript-assertivo/02-aplicando-testes-unitarios-em-uma-cli/src/constants/roles.js","statementMap":{"0":{"start":{"line":2,"column":14},"end":{"line":5,"column":1}},"1":{"start":{"line":8,"column":23},"end":{"line":8,"column":57}},"2":{"start":{"line":8,"column":37},"end":{"line":8,"column":57}}},"fnMap":{"0":{"name":"(anonymous_0)","decl":{"start":{"line":8,"column":23},"end":{"line":8,"column":24}},"loc":{"start":{"line":8,"column":37},"end":{"line":8,"column":57}},"line":8}},"branchMap":{},"s":{"0":3,"1":3,"2":2},"f":{"0":2},"b":{},"_coverageSchema":"1a1c01bbd47fc00a2c39e90264f33305004495a9","hash":"56c3ccb3d1094217feab3f89e90c6eada601d212"}
,"/Users/natalia/developer/learning/JavaScript Testing/javascript-assertivo/02-aplicando-testes-unitarios-em-uma-cli/src/database/file.js": {"path":"/Users/natalia/developer/learning/JavaScript Testing/javascript-assertivo/02-aplicando-testes-unitarios-em-uma-cli/src/database/file.js","statementMap":{"0":{"start":{"line":7,"column":28},"end":{"line":16,"column":1}},"1":{"start":{"line":8,"column":2},"end":{"line":15,"column":3}},"2":{"start":{"line":9,"column":19},"end":{"line":9,"column":56}},"3":{"start":{"line":10,"column":21},"end":{"line":10,"column":38}},"4":{"start":{"line":12,"column":4},"end":{"line":12,"column":28}},"5":{"start":{"line":14,"column":4},"end":{"line":14,"column":67}},"6":{"start":{"line":18,"column":28},"end":{"line":24,"column":1}},"7":{"start":{"line":19,"column":2},"end":{"line":23,"column":3}},"8":{"start":{"line":20,"column":4},"end":{"line":20,"column":59}},"9":{"start":{"line":22,"column":4},"end":{"line":22,"column":65}}},"fnMap":{"0":{"name":"(anonymous_0)","decl":{"start":{"line":7,"column":28},"end":{"line":7,"column":29}},"loc":{"start":{"line":7,"column":40},"end":{"line":16,"column":1}},"line":7},"1":{"name":"(anonymous_1)","decl":{"start":{"line":18,"column":28},"end":{"line":18,"column":29}},"loc":{"start":{"line":18,"column":42},"end":{"line":24,"column":1}},"line":18}},"branchMap":{},"s":{"0":4,"1":0,"2":0,"3":0,"4":0,"5":0,"6":4,"7":0,"8":0,"9":0},"f":{"0":0,"1":0},"b":{},"_coverageSchema":"1a1c01bbd47fc00a2c39e90264f33305004495a9","hash":"4d274624ed1ad80c85359406e4af34f3add310a0"}
,"/Users/natalia/developer/learning/JavaScript Testing/javascript-assertivo/02-aplicando-testes-unitarios-em-uma-cli/src/database/parser.js": {"path":"/Users/natalia/developer/learning/JavaScript Testing/javascript-assertivo/02-aplicando-testes-unitarios-em-uma-cli/src/database/parser.js","statementMap":{"0":{"start":{"line":2,"column":22},"end":{"line":2,"column":46}},"1":{"start":{"line":2,"column":30},"end":{"line":2,"column":46}},"2":{"start":{"line":3,"column":24},"end":{"line":3,"column":61}},"3":{"start":{"line":3,"column":32},"end":{"line":3,"column":61}}},"fnMap":{"0":{"name":"(anonymous_0)","decl":{"start":{"line":2,"column":22},"end":{"line":2,"column":23}},"loc":{"start":{"line":2,"column":30},"end":{"line":2,"column":46}},"line":2},"1":{"name":"(anonymous_1)","decl":{"start":{"line":3,"column":24},"end":{"line":3,"column":25}},"loc":{"start":{"line":3,"column":32},"end":{"line":3,"column":61}},"line":3}},"branchMap":{},"s":{"0":6,"1":1,"2":6,"3":0},"f":{"0":1,"1":0},"b":{},"_coverageSchema":"1a1c01bbd47fc00a2c39e90264f33305004495a9","hash":"3a09699e3f79a2a49e3a557eeec927a99d938fd4"}
,"/Users/natalia/developer/learning/JavaScript Testing/javascript-assertivo/02-aplicando-testes-unitarios-em-uma-cli/src/database/user/create.js": {"path":"/Users/natalia/developer/learning/JavaScript Testing/javascript-assertivo/02-aplicando-testes-unitarios-em-uma-cli/src/database/user/create.js","statementMap":{"0":{"start":{"line":6,"column":26},"end":{"line":23,"column":1}},"1":{"start":{"line":15,"column":16},"end":{"line":15,"column":36}},"2":{"start":{"line":16,"column":14},"end":{"line":16,"column":35}},"3":{"start":{"line":17,"column":15},"end":{"line":17,"column":80}},"4":{"start":{"line":19,"column":2},"end":{"line":19,"column":19}},"5":{"start":{"line":20,"column":2},"end":{"line":20,"column":28}},"6":{"start":{"line":22,"column":2},"end":{"line":22,"column":14}}},"fnMap":{"0":{"name":"(anonymous_0)","decl":{"start":{"line":6,"column":26},"end":{"line":6,"column":27}},"loc":{"start":{"line":14,"column":6},"end":{"line":23,"column":1}},"line":14}},"branchMap":{"0":{"loc":{"start":{"line":12,"column":2},"end":{"line":12,"column":19}},"type":"default-arg","locations":[{"start":{"line":12,"column":9},"end":{"line":12,"column":19}}],"line":12}},"s":{"0":1,"1":2,"2":2,"3":2,"4":2,"5":2,"6":2},"f":{"0":2},"b":{"0":[1]},"_coverageSchema":"1a1c01bbd47fc00a2c39e90264f33305004495a9","hash":"44da1818a89d7ea0944f509d70b01f77aaf57422"}
,"/Users/natalia/developer/learning/JavaScript Testing/javascript-assertivo/02-aplicando-testes-unitarios-em-uma-cli/src/database/user/read.js": {"path":"/Users/natalia/developer/learning/JavaScript Testing/javascript-assertivo/02-aplicando-testes-unitarios-em-uma-cli/src/database/user/read.js","statementMap":{"0":{"start":{"line":3,"column":28},"end":{"line":12,"column":1}},"1":{"start":{"line":4,"column":15},"end":{"line":4,"column":35}},"2":{"start":{"line":5,"column":15},"end":{"line":5,"column":48}},"3":{"start":{"line":5,"column":32},"end":{"line":5,"column":47}},"4":{"start":{"line":7,"column":2},"end":{"line":9,"column":3}},"5":{"start":{"line":8,"column":4},"end":{"line":8,"column":61}},"6":{"start":{"line":11,"column":2},"end":{"line":11,"column":14}},"7":{"start":{"line":14,"column":44},"end":{"line":23,"column":1}},"8":{"start":{"line":15,"column":15},"end":{"line":15,"column":35}},"9":{"start":{"line":16,"column":15},"end":{"line":16,"column":87}},"10":{"start":{"line":16,"column":32},"end":{"line":16,"column":86}},"11":{"start":{"line":18,"column":2},"end":{"line":20,"column":3}},"12":{"start":{"line":19,"column":4},"end":{"line":19,"column":70}},"13":{"start":{"line":22,"column":2},"end":{"line":22,"column":14}}},"fnMap":{"0":{"name":"(anonymous_0)","decl":{"start":{"line":3,"column":28},"end":{"line":3,"column":29}},"loc":{"start":{"line":3,"column":43},"end":{"line":12,"column":1}},"line":3},"1":{"name":"(anonymous_1)","decl":{"start":{"line":5,"column":25},"end":{"line":5,"column":26}},"loc":{"start":{"line":5,"column":32},"end":{"line":5,"column":47}},"line":5},"2":{"name":"(anonymous_2)","decl":{"start":{"line":14,"column":44},"end":{"line":14,"column":45}},"loc":{"start":{"line":14,"column":74},"end":{"line":23,"column":1}},"line":14},"3":{"name":"(anonymous_3)","decl":{"start":{"line":16,"column":25},"end":{"line":16,"column":26}},"loc":{"start":{"line":16,"column":32},"end":{"line":16,"column":86}},"line":16}},"branchMap":{"0":{"loc":{"start":{"line":7,"column":2},"end":{"line":9,"column":3}},"type":"if","locations":[{"start":{"line":7,"column":2},"end":{"line":9,"column":3}},{"start":{"line":7,"column":2},"end":{"line":9,"column":3}}],"line":7},"1":{"loc":{"start":{"line":16,"column":32},"end":{"line":16,"column":86}},"type":"binary-expr","locations":[{"start":{"line":16,"column":32},"end":{"line":16,"column":57}},{"start":{"line":16,"column":61},"end":{"line":16,"column":86}}],"line":16},"2":{"loc":{"start":{"line":18,"column":2},"end":{"line":20,"column":3}},"type":"if","locations":[{"start":{"line":18,"column":2},"end":{"line":20,"column":3}},{"start":{"line":18,"column":2},"end":{"line":20,"column":3}}],"line":18}},"s":{"0":2,"1":3,"2":3,"3":3,"4":3,"5":1,"6":2,"7":2,"8":2,"9":2,"10":2,"11":2,"12":1,"13":1},"f":{"0":3,"1":3,"2":2,"3":2},"b":{"0":[1,2],"1":[2,1],"2":[1,1]},"_coverageSchema":"1a1c01bbd47fc00a2c39e90264f33305004495a9","hash":"3f093a54b8179351e475365608c6a57b25572754"}
,"/Users/natalia/developer/learning/JavaScript Testing/javascript-assertivo/02-aplicando-testes-unitarios-em-uma-cli/src/database/user/remove.js": {"path":"/Users/natalia/developer/learning/JavaScript Testing/javascript-assertivo/02-aplicando-testes-unitarios-em-uma-cli/src/database/user/remove.js","statementMap":{"0":{"start":{"line":3,"column":26},"end":{"line":15,"column":1}},"1":{"start":{"line":4,"column":16},"end":{"line":4,"column":36}},"2":{"start":{"line":5,"column":15},"end":{"line":5,"column":51}},"3":{"start":{"line":5,"column":34},"end":{"line":5,"column":50}},"4":{"start":{"line":7,"column":2},"end":{"line":9,"column":3}},"5":{"start":{"line":8,"column":4},"end":{"line":8,"column":57}},"6":{"start":{"line":11,"column":19},"end":{"line":11,"column":60}},"7":{"start":{"line":11,"column":39},"end":{"line":11,"column":59}},"8":{"start":{"line":12,"column":2},"end":{"line":12,"column":31}},"9":{"start":{"line":14,"column":2},"end":{"line":14,"column":14}}},"fnMap":{"0":{"name":"(anonymous_0)","decl":{"start":{"line":3,"column":26},"end":{"line":3,"column":27}},"loc":{"start":{"line":3,"column":39},"end":{"line":15,"column":1}},"line":3},"1":{"name":"(anonymous_1)","decl":{"start":{"line":5,"column":26},"end":{"line":5,"column":27}},"loc":{"start":{"line":5,"column":34},"end":{"line":5,"column":50}},"line":5},"2":{"name":"(anonymous_2)","decl":{"start":{"line":11,"column":32},"end":{"line":11,"column":33}},"loc":{"start":{"line":11,"column":39},"end":{"line":11,"column":59}},"line":11}},"branchMap":{"0":{"loc":{"start":{"line":7,"column":2},"end":{"line":9,"column":3}},"type":"if","locations":[{"start":{"line":7,"column":2},"end":{"line":9,"column":3}},{"start":{"line":7,"column":2},"end":{"line":9,"column":3}}],"line":7}},"s":{"0":1,"1":2,"2":2,"3":2,"4":2,"5":1,"6":1,"7":1,"8":1,"9":1},"f":{"0":2,"1":2,"2":1},"b":{"0":[1,1]},"_coverageSchema":"1a1c01bbd47fc00a2c39e90264f33305004495a9","hash":"b3b7335578dfd024d44e6004c759590fefb69ac6"}
,"/Users/natalia/developer/learning/JavaScript Testing/javascript-assertivo/02-aplicando-testes-unitarios-em-uma-cli/src/database/user/update.js": {"path":"/Users/natalia/developer/learning/JavaScript Testing/javascript-assertivo/02-aplicando-testes-unitarios-em-uma-cli/src/database/user/update.js","statementMap":{"0":{"start":{"line":3,"column":31},"end":{"line":21,"column":1}},"1":{"start":{"line":4,"column":16},"end":{"line":4,"column":36}},"2":{"start":{"line":5,"column":15},"end":{"line":5,"column":49}},"3":{"start":{"line":5,"column":33},"end":{"line":5,"column":48}},"4":{"start":{"line":7,"column":2},"end":{"line":9,"column":3}},"5":{"start":{"line":8,"column":4},"end":{"line":8,"column":57}},"6":{"start":{"line":11,"column":22},"end":{"line":14,"column":3}},"7":{"start":{"line":16,"column":23},"end":{"line":16,"column":76}},"8":{"start":{"line":16,"column":40},"end":{"line":16,"column":75}},"9":{"start":{"line":18,"column":2},"end":{"line":18,"column":35}},"10":{"start":{"line":20,"column":2},"end":{"line":20,"column":21}}},"fnMap":{"0":{"name":"(anonymous_0)","decl":{"start":{"line":3,"column":31},"end":{"line":3,"column":32}},"loc":{"start":{"line":3,"column":66},"end":{"line":21,"column":1}},"line":3},"1":{"name":"(anonymous_1)","decl":{"start":{"line":5,"column":26},"end":{"line":5,"column":27}},"loc":{"start":{"line":5,"column":33},"end":{"line":5,"column":48}},"line":5},"2":{"name":"(anonymous_2)","decl":{"start":{"line":16,"column":33},"end":{"line":16,"column":34}},"loc":{"start":{"line":16,"column":40},"end":{"line":16,"column":75}},"line":16}},"branchMap":{"0":{"loc":{"start":{"line":7,"column":2},"end":{"line":9,"column":3}},"type":"if","locations":[{"start":{"line":7,"column":2},"end":{"line":9,"column":3}},{"start":{"line":7,"column":2},"end":{"line":9,"column":3}}],"line":7},"1":{"loc":{"start":{"line":16,"column":40},"end":{"line":16,"column":75}},"type":"cond-expr","locations":[{"start":{"line":16,"column":58},"end":{"line":16,"column":69}},{"start":{"line":16,"column":72},"end":{"line":16,"column":75}}],"line":16}},"s":{"0":1,"1":2,"2":2,"3":2,"4":2,"5":1,"6":1,"7":1,"8":1,"9":1,"10":1},"f":{"0":2,"1":2,"2":1},"b":{"0":[1,1],"1":[1,0]},"_coverageSchema":"1a1c01bbd47fc00a2c39e90264f33305004495a9","hash":"250f8342d37203881f4201fddd55792b8f549613"}
,"/Users/natalia/developer/learning/JavaScript Testing/javascript-assertivo/02-aplicando-testes-unitarios-em-uma-cli/src/middlewares/data.js": {"path":"/Users/natalia/developer/learning/JavaScript Testing/javascript-assertivo/02-aplicando-testes-unitarios-em-uma-cli/src/middlewares/data.js","statementMap":{"0":{"start":{"line":4,"column":38},"end":{"line":12,"column":1}},"1":{"start":{"line":4,"column":48},"end":{"line":12,"column":1}},"2":{"start":{"line":5,"column":21},"end":{"line":5,"column":52}},"3":{"start":{"line":7,"column":2},"end":{"line":9,"column":3}},"4":{"start":{"line":8,"column":4},"end":{"line":8,"column":40}},"5":{"start":{"line":11,"column":2},"end":{"line":11,"column":14}}},"fnMap":{"0":{"name":"(anonymous_0)","decl":{"start":{"line":4,"column":38},"end":{"line":4,"column":39}},"loc":{"start":{"line":4,"column":48},"end":{"line":12,"column":1}},"line":4},"1":{"name":"(anonymous_1)","decl":{"start":{"line":4,"column":48},"end":{"line":4,"column":49}},"loc":{"start":{"line":4,"column":56},"end":{"line":12,"column":1}},"line":4}},"branchMap":{"0":{"loc":{"start":{"line":7,"column":2},"end":{"line":9,"column":3}},"type":"if","locations":[{"start":{"line":7,"column":2},"end":{"line":9,"column":3}},{"start":{"line":7,"column":2},"end":{"line":9,"column":3}}],"line":7}},"s":{"0":1,"1":0,"2":0,"3":0,"4":0,"5":0},"f":{"0":0,"1":0},"b":{"0":[0,0]},"_coverageSchema":"1a1c01bbd47fc00a2c39e90264f33305004495a9","hash":"04b6190bfbdf1d219b376557322a9a88ab5a9503"}
,"/Users/natalia/developer/learning/JavaScript Testing/javascript-assertivo/02-aplicando-testes-unitarios-em-uma-cli/src/middlewares/index.js": {"path":"/Users/natalia/developer/learning/JavaScript Testing/javascript-assertivo/02-aplicando-testes-unitarios-em-uma-cli/src/middlewares/index.js","statementMap":{"0":{"start":{"line":5,"column":25},"end":{"line":5,"column":89}},"1":{"start":{"line":5,"column":36},"end":{"line":5,"column":89}},"2":{"start":{"line":5,"column":43},"end":{"line":5,"column":89}},"3":{"start":{"line":5,"column":71},"end":{"line":5,"column":83}}},"fnMap":{"0":{"name":"(anonymous_0)","decl":{"start":{"line":5,"column":25},"end":{"line":5,"column":26}},"loc":{"start":{"line":5,"column":36},"end":{"line":5,"column":89}},"line":5},"1":{"name":"(anonymous_1)","decl":{"start":{"line":5,"column":36},"end":{"line":5,"column":37}},"loc":{"start":{"line":5,"column":43},"end":{"line":5,"column":89}},"line":5},"2":{"name":"(anonymous_2)","decl":{"start":{"line":5,"column":53},"end":{"line":5,"column":54}},"loc":{"start":{"line":5,"column":71},"end":{"line":5,"column":83}},"line":5}},"branchMap":{},"s":{"0":1,"1":1,"2":1,"3":2},"f":{"0":1,"1":1,"2":2},"b":{},"_coverageSchema":"1a1c01bbd47fc00a2c39e90264f33305004495a9","hash":"f075b0c6110a6e1db8f3309f952e19e3e4b34e45"}
,"/Users/natalia/developer/learning/JavaScript Testing/javascript-assertivo/02-aplicando-testes-unitarios-em-uma-cli/src/middlewares/user.js": {"path":"/Users/natalia/developer/learning/JavaScript Testing/javascript-assertivo/02-aplicando-testes-unitarios-em-uma-cli/src/middlewares/user.js","statementMap":{"0":{"start":{"line":4,"column":33},"end":{"line":10,"column":1}},"1":{"start":{"line":5,"column":2},"end":{"line":7,"column":3}},"2":{"start":{"line":6,"column":4},"end":{"line":6,"column":78}},"3":{"start":{"line":9,"column":2},"end":{"line":9,"column":14}}},"fnMap":{"0":{"name":"(anonymous_0)","decl":{"start":{"line":4,"column":33},"end":{"line":4,"column":34}},"loc":{"start":{"line":4,"column":43},"end":{"line":10,"column":1}},"line":4}},"branchMap":{"0":{"loc":{"start":{"line":5,"column":2},"end":{"line":7,"column":3}},"type":"if","locations":[{"start":{"line":5,"column":2},"end":{"line":7,"column":3}},{"start":{"line":5,"column":2},"end":{"line":7,"column":3}}],"line":5}},"s":{"0":2,"1":2,"2":1,"3":1},"f":{"0":2},"b":{"0":[1,1]},"_coverageSchema":"1a1c01bbd47fc00a2c39e90264f33305004495a9","hash":"eb6c54f13b4d005750d97e47e1827fed087af5f7"}
,"/Users/natalia/developer/learning/JavaScript Testing/javascript-assertivo/02-aplicando-testes-unitarios-em-uma-cli/src/utils/args.js": {"path":"/Users/natalia/developer/learning/JavaScript Testing/javascript-assertivo/02-aplicando-testes-unitarios-em-uma-cli/src/utils/args.js","statementMap":{"0":{"start":{"line":4,"column":24},"end":{"line":7,"column":1}},"1":{"start":{"line":5,"column":21},"end":{"line":5,"column":78}},"2":{"start":{"line":6,"column":21},"end":{"line":6,"column":63}},"3":{"start":{"line":10,"column":25},"end":{"line":13,"column":2}},"4":{"start":{"line":10,"column":62},"end":{"line":13,"column":1}},"5":{"start":{"line":16,"column":23},"end":{"line":16,"column":68}},"6":{"start":{"line":17,"column":28},"end":{"line":29,"column":1}},"7":{"start":{"line":18,"column":2},"end":{"line":18,"column":94}},"8":{"start":{"line":18,"column":33},"end":{"line":18,"column":94}},"9":{"start":{"line":19,"column":2},"end":{"line":26,"column":3}},"10":{"start":{"line":20,"column":17},"end":{"line":20,"column":51}},"11":{"start":{"line":20,"column":38},"end":{"line":20,"column":50}},"12":{"start":{"line":22,"column":4},"end":{"line":25,"column":7}},"13":{"start":{"line":28,"column":2},"end":{"line":28,"column":42}},"14":{"start":{"line":32,"column":18},"end":{"line":40,"column":1}},"15":{"start":{"line":33,"column":14},"end":{"line":33,"column":27}},"16":{"start":{"line":34,"column":21},"end":{"line":34,"column":35}},"17":{"start":{"line":35,"column":2},"end":{"line":35,"column":49}},"18":{"start":{"line":37,"column":2},"end":{"line":39,"column":4}},"19":{"start":{"line":43,"column":20},"end":{"line":43,"column":81}},"20":{"start":{"line":43,"column":30},"end":{"line":43,"column":81}},"21":{"start":{"line":43,"column":58},"end":{"line":43,"column":75}},"22":{"start":{"line":47,"column":20},"end":{"line":47,"column":42}},"23":{"start":{"line":48,"column":17},"end":{"line":48,"column":39}},"24":{"start":{"line":50,"column":2},"end":{"line":50,"column":16}}},"fnMap":{"0":{"name":"(anonymous_0)","decl":{"start":{"line":5,"column":15},"end":{"line":5,"column":16}},"loc":{"start":{"line":5,"column":21},"end":{"line":5,"column":78}},"line":5},"1":{"name":"(anonymous_1)","decl":{"start":{"line":6,"column":14},"end":{"line":6,"column":15}},"loc":{"start":{"line":6,"column":21},"end":{"line":6,"column":63}},"line":6},"2":{"name":"(anonymous_2)","decl":{"start":{"line":10,"column":25},"end":{"line":10,"column":26}},"loc":{"start":{"line":10,"column":62},"end":{"line":13,"column":1}},"line":10},"3":{"name":"(anonymous_3)","decl":{"start":{"line":17,"column":28},"end":{"line":17,"column":29}},"loc":{"start":{"line":17,"column":68},"end":{"line":29,"column":1}},"line":17},"4":{"name":"(anonymous_4)","decl":{"start":{"line":20,"column":29},"end":{"line":20,"column":30}},"loc":{"start":{"line":20,"column":38},"end":{"line":20,"column":50}},"line":20},"5":{"name":"(anonymous_5)","decl":{"start":{"line":32,"column":18},"end":{"line":32,"column":19}},"loc":{"start":{"line":32,"column":56},"end":{"line":40,"column":1}},"line":32},"6":{"name":"(anonymous_6)","decl":{"start":{"line":43,"column":20},"end":{"line":43,"column":21}},"loc":{"start":{"line":43,"column":30},"end":{"line":43,"column":81}},"line":43},"7":{"name":"(anonymous_7)","decl":{"start":{"line":43,"column":42},"end":{"line":43,"column":43}},"loc":{"start":{"line":43,"column":58},"end":{"line":43,"column":75}},"line":43},"8":{"name":"parse","decl":{"start":{"line":46,"column":24},"end":{"line":46,"column":29}},"loc":{"start":{"line":46,"column":57},"end":{"line":51,"column":1}},"line":46}},"branchMap":{"0":{"loc":{"start":{"line":10,"column":28},"end":{"line":10,"column":40}},"type":"default-arg","locations":[{"start":{"line":10,"column":38},"end":{"line":10,"column":40}}],"line":10},"1":{"loc":{"start":{"line":10,"column":42},"end":{"line":10,"column":55}},"type":"default-arg","locations":[{"start":{"line":10,"column":50},"end":{"line":10,"column":55}}],"line":10},"2":{"loc":{"start":{"line":17,"column":29},"end":{"line":17,"column":38}},"type":"default-arg","locations":[{"start":{"line":17,"column":36},"end":{"line":17,"column":38}}],"line":17},"3":{"loc":{"start":{"line":17,"column":40},"end":{"line":17,"column":63}},"type":"default-arg","locations":[{"start":{"line":17,"column":49},"end":{"line":17,"column":63}}],"line":17},"4":{"loc":{"start":{"line":18,"column":2},"end":{"line":18,"column":94}},"type":"if","locations":[{"start":{"line":18,"column":2},"end":{"line":18,"column":94}},{"start":{"line":18,"column":2},"end":{"line":18,"column":94}}],"line":18},"5":{"loc":{"start":{"line":19,"column":2},"end":{"line":26,"column":3}},"type":"if","locations":[{"start":{"line":19,"column":2},"end":{"line":26,"column":3}},{"start":{"line":19,"column":2},"end":{"line":26,"column":3}}],"line":19},"6":{"loc":{"start":{"line":24,"column":15},"end":{"line":24,"column":48}},"type":"binary-expr","locations":[{"start":{"line":24,"column":15},"end":{"line":24,"column":19}},{"start":{"line":24,"column":23},"end":{"line":24,"column":48}}],"line":24},"7":{"loc":{"start":{"line":35,"column":10},"end":{"line":35,"column":48}},"type":"cond-expr","locations":[{"start":{"line":35,"column":27},"end":{"line":35,"column":40}},{"start":{"line":35,"column":43},"end":{"line":35,"column":48}}],"line":35}},"s":{"0":2,"1":2,"2":2,"3":2,"4":4,"5":2,"6":2,"7":4,"8":1,"9":3,"10":3,"11":9,"12":3,"13":0,"14":2,"15":4,"16":4,"17":4,"18":4,"19":2,"20":1,"21":4,"22":1,"23":1,"24":1},"f":{"0":2,"1":2,"2":4,"3":4,"4":9,"5":4,"6":1,"7":4,"8":1},"b":{"0":[2],"1":[1],"2":[1],"3":[2],"4":[1,3],"5":[3,0],"6":[3,1],"7":[1,3]},"_coverageSchema":"1a1c01bbd47fc00a2c39e90264f33305004495a9","hash":"79b9d1663dd3007dcf9e9c96524d35ded92f3012"}
,"/Users/natalia/developer/learning/JavaScript Testing/javascript-assertivo/02-aplicando-testes-unitarios-em-uma-cli/src/utils/logger.js": {"path":"/Users/natalia/developer/learning/JavaScript Testing/javascript-assertivo/02-aplicando-testes-unitarios-em-uma-cli/src/utils/logger.js","statementMap":{"0":{"start":{"line":1,"column":14},"end":{"line":1,"column":23}},"1":{"start":{"line":2,"column":13},"end":{"line":2,"column":17}},"2":{"start":{"line":3,"column":22},"end":{"line":3,"column":56}},"3":{"start":{"line":3,"column":31},"end":{"line":3,"column":56}},"4":{"start":{"line":5,"column":22},"end":{"line":9,"column":1}},"5":{"start":{"line":11,"column":12},"end":{"line":13,"column":1}},"6":{"start":{"line":12,"column":2},"end":{"line":12,"column":44}},"7":{"start":{"line":15,"column":16},"end":{"line":17,"column":1}},"8":{"start":{"line":16,"column":2},"end":{"line":16,"column":49}},"9":{"start":{"line":19,"column":14},"end":{"line":21,"column":1}},"10":{"start":{"line":20,"column":2},"end":{"line":20,"column":50}}},"fnMap":{"0":{"name":"(anonymous_0)","decl":{"start":{"line":3,"column":22},"end":{"line":3,"column":23}},"loc":{"start":{"line":3,"column":31},"end":{"line":3,"column":56}},"line":3},"1":{"name":"(anonymous_1)","decl":{"start":{"line":11,"column":12},"end":{"line":11,"column":13}},"loc":{"start":{"line":11,"column":30},"end":{"line":13,"column":1}},"line":11},"2":{"name":"(anonymous_2)","decl":{"start":{"line":15,"column":16},"end":{"line":15,"column":17}},"loc":{"start":{"line":15,"column":34},"end":{"line":17,"column":1}},"line":15},"3":{"name":"(anonymous_3)","decl":{"start":{"line":19,"column":14},"end":{"line":19,"column":15}},"loc":{"start":{"line":19,"column":32},"end":{"line":21,"column":1}},"line":19}},"branchMap":{},"s":{"0":5,"1":5,"2":5,"3":15,"4":5,"5":5,"6":1,"7":5,"8":1,"9":5,"10":1},"f":{"0":15,"1":1,"2":1,"3":1},"b":{},"_coverageSchema":"1a1c01bbd47fc00a2c39e90264f33305004495a9","hash":"212da15147cd7a07683481a51564c4c747371722"}
}
