TN:
SF:src/constants/roles.js
FN:8,(anonymous_0)
FNF:1
FNH:1
FNDA:2,(anonymous_0)
DA:2,3
DA:8,3
LF:2
LH:2
BRF:0
BRH:0
end_of_record
TN:
SF:src/database/file.js
FN:7,(anonymous_0)
FN:18,(anonymous_1)
FNF:2
FNH:0
FNDA:0,(anonymous_0)
FNDA:0,(anonymous_1)
DA:7,4
DA:8,0
DA:9,0
DA:10,0
DA:12,0
DA:14,0
DA:18,4
DA:19,0
DA:20,0
DA:22,0
LF:10
LH:2
BRF:0
BRH:0
end_of_record
TN:
SF:src/database/parser.js
FN:2,(anonymous_0)
FN:3,(anonymous_1)
FNF:2
FNH:1
FNDA:1,(anonymous_0)
FNDA:0,(anonymous_1)
DA:2,6
DA:3,6
LF:2
LH:2
BRF:0
BRH:0
end_of_record
TN:
SF:src/database/user/create.js
FN:6,(anonymous_0)
FNF:1
FNH:1
FNDA:2,(anonymous_0)
DA:6,1
DA:15,2
DA:16,2
DA:17,2
DA:19,2
DA:20,2
DA:22,2
LF:7
LH:7
BRDA:12,0,0,1
BRF:1
BRH:1
end_of_record
TN:
SF:src/database/user/read.js
FN:3,(anonymous_0)
FN:5,(anonymous_1)
FN:14,(anonymous_2)
FN:16,(anonymous_3)
FNF:4
FNH:4
FNDA:3,(anonymous_0)
FNDA:3,(anonymous_1)
FNDA:2,(anonymous_2)
FNDA:2,(anonymous_3)
DA:3,2
DA:4,3
DA:5,3
DA:7,3
DA:8,1
DA:11,2
DA:14,2
DA:15,2
DA:16,2
DA:18,2
DA:19,1
DA:22,1
LF:12
LH:12
BRDA:7,0,0,1
BRDA:7,0,1,2
BRDA:16,1,0,2
BRDA:16,1,1,1
BRDA:18,2,0,1
BRDA:18,2,1,1
BRF:6
BRH:6
end_of_record
TN:
SF:src/database/user/remove.js
FN:3,(anonymous_0)
FN:5,(anonymous_1)
FN:11,(anonymous_2)
FNF:3
FNH:3
FNDA:2,(anonymous_0)
FNDA:2,(anonymous_1)
FNDA:1,(anonymous_2)
DA:3,1
DA:4,2
DA:5,2
DA:7,2
DA:8,1
DA:11,1
DA:12,1
DA:14,1
LF:8
LH:8
BRDA:7,0,0,1
BRDA:7,0,1,1
BRF:2
BRH:2
end_of_record
TN:
SF:src/database/user/update.js
FN:3,(anonymous_0)
FN:5,(anonymous_1)
FN:16,(anonymous_2)
FNF:3
FNH:3
FNDA:2,(anonymous_0)
FNDA:2,(anonymous_1)
FNDA:1,(anonymous_2)
DA:3,1
DA:4,2
DA:5,2
DA:7,2
DA:8,1
DA:11,1
DA:16,1
DA:18,1
DA:20,1
LF:9
LH:9
BRDA:7,0,0,1
BRDA:7,0,1,1
BRDA:16,1,0,1
BRDA:16,1,1,0
BRF:4
BRH:3
end_of_record
TN:
SF:src/middlewares/data.js
FN:4,(anonymous_0)
FN:4,(anonymous_1)
FNF:2
FNH:0
FNDA:0,(anonymous_0)
FNDA:0,(anonymous_1)
DA:4,1
DA:5,0
DA:7,0
DA:8,0
DA:11,0
LF:5
LH:1
BRDA:7,0,0,0
BRDA:7,0,1,0
BRF:2
BRH:0
end_of_record
TN:
SF:src/middlewares/index.js
FN:5,(anonymous_0)
FN:5,(anonymous_1)
FN:5,(anonymous_2)
FNF:3
FNH:3
FNDA:1,(anonymous_0)
FNDA:1,(anonymous_1)
FNDA:2,(anonymous_2)
DA:5,2
LF:1
LH:1
BRF:0
BRH:0
end_of_record
TN:
SF:src/middlewares/user.js
FN:4,(anonymous_0)
FNF:1
FNH:1
FNDA:2,(anonymous_0)
DA:4,2
DA:5,2
DA:6,1
DA:9,1
LF:4
LH:4
BRDA:5,0,0,1
BRDA:5,0,1,1
BRF:2
BRH:2
end_of_record
TN:
SF:src/utils/args.js
FN:5,(anonymous_0)
FN:6,(anonymous_1)
FN:10,(anonymous_2)
FN:17,(anonymous_3)
FN:20,(anonymous_4)
FN:32,(anonymous_5)
FN:43,(anonymous_6)
FN:43,(anonymous_7)
FN:46,parse
FNF:9
FNH:9
FNDA:2,(anonymous_0)
FNDA:2,(anonymous_1)
FNDA:4,(anonymous_2)
FNDA:4,(anonymous_3)
FNDA:9,(anonymous_4)
FNDA:4,(anonymous_5)
FNDA:1,(anonymous_6)
FNDA:4,(anonymous_7)
FNDA:1,parse
DA:4,2
DA:5,2
DA:6,2
DA:10,4
DA:16,2
DA:17,2
DA:18,4
DA:19,3
DA:20,9
DA:22,3
DA:28,0
DA:32,2
DA:33,4
DA:34,4
DA:35,4
DA:37,4
DA:43,4
DA:47,1
DA:48,1
DA:50,1
LF:20
LH:19
BRDA:10,0,0,2
BRDA:10,1,0,1
BRDA:17,2,0,1
BRDA:17,3,0,2
BRDA:18,4,0,1
BRDA:18,4,1,3
BRDA:19,5,0,3
BRDA:19,5,1,0
BRDA:24,6,0,3
BRDA:24,6,1,1
BRDA:35,7,0,1
BRDA:35,7,1,3
BRF:12
BRH:11
end_of_record
TN:
SF:src/utils/logger.js
FN:3,(anonymous_0)
FN:11,(anonymous_1)
FN:15,(anonymous_2)
FN:19,(anonymous_3)
FNF:4
FNH:4
FNDA:15,(anonymous_0)
FNDA:1,(anonymous_1)
FNDA:1,(anonymous_2)
FNDA:1,(anonymous_3)
DA:1,5
DA:2,5
DA:3,15
DA:5,5
DA:11,5
DA:12,1
DA:15,5
DA:16,1
DA:19,5
DA:20,1
LF:10
LH:10
BRF:0
BRH:0
end_of_record
